c:\users\young\desktop\source\halcon_extension\halcon_ui\build\halcon_uicint.dir\debug\vc143.pdb
c:\users\young\desktop\source\halcon_extension\halcon_ui\build\halcon_uicint.dir\debug\hchalcon_ui.obj
c:\users\young\desktop\source\halcon_extension\halcon_ui\build\hchalcon_ui.c
c:\users\young\desktop\source\halcon_extension\halcon_ui\build\hchalcon_ui.h
c:\users\young\desktop\source\halcon_extension\halcon_ui\build\cmakefiles\generate.stamp
c:\users\young\desktop\source\halcon_extension\halcon_ui\bin\halcon_uic.dll
c:\users\young\desktop\source\halcon_extension\halcon_ui\bin\halcon_uic.pdb
c:\users\young\desktop\source\halcon_extension\halcon_ui\bin\halcon_uic.lib
c:\users\young\desktop\source\halcon_extension\halcon_ui\bin\halcon_uic.exp
c:\users\young\desktop\source\halcon_extension\halcon_ui\build\halcon_uicint.dir\debug\halcon_uic.ilk
c:\users\young\desktop\source\halcon_extension\halcon_ui\build\halcon_uicint.dir\debug\halcon_uicint.tlog\cl.command.1.tlog
c:\users\young\desktop\source\halcon_extension\halcon_ui\build\halcon_uicint.dir\debug\halcon_uicint.tlog\cl.items.tlog
c:\users\young\desktop\source\halcon_extension\halcon_ui\build\halcon_uicint.dir\debug\halcon_uicint.tlog\cl.read.1.tlog
c:\users\young\desktop\source\halcon_extension\halcon_ui\build\halcon_uicint.dir\debug\halcon_uicint.tlog\cl.write.1.tlog
c:\users\young\desktop\source\halcon_extension\halcon_ui\build\halcon_uicint.dir\debug\halcon_uicint.tlog\custombuild.command.1.tlog
c:\users\young\desktop\source\halcon_extension\halcon_ui\build\halcon_uicint.dir\debug\halcon_uicint.tlog\custombuild.read.1.tlog
c:\users\young\desktop\source\halcon_extension\halcon_ui\build\halcon_uicint.dir\debug\halcon_uicint.tlog\custombuild.write.1.tlog
c:\users\young\desktop\source\halcon_extension\halcon_ui\build\halcon_uicint.dir\debug\halcon_uicint.tlog\link.command.1.tlog
c:\users\young\desktop\source\halcon_extension\halcon_ui\build\halcon_uicint.dir\debug\halcon_uicint.tlog\link.read.1.tlog
c:\users\young\desktop\source\halcon_extension\halcon_ui\build\halcon_uicint.dir\debug\halcon_uicint.tlog\link.secondary.1.tlog
c:\users\young\desktop\source\halcon_extension\halcon_ui\build\halcon_uicint.dir\debug\halcon_uicint.tlog\link.write.1.tlog
