c:\users\young\desktop\source\halcon_extension\halcon_ui\build\halcon_ui.dir\debug\vc143.pdb
c:\users\young\desktop\source\halcon_extension\halcon_ui\build\halcon_ui.dir\debug\source\halcon_ui.c.obj
c:\users\young\desktop\source\halcon_extension\halcon_ui\build\halcon_ui.dir\debug\hhalcon_ui.obj
c:\users\young\desktop\source\halcon_extension\halcon_ui\build\halcon_ui.dir\debug\source\halcon_ui.cpp.obj
c:\users\young\desktop\source\halcon_extension\halcon_ui\build\hhalcon_ui.c
c:\users\young\desktop\source\halcon_extension\halcon_ui\build\cmakefiles\generate.stamp
c:\users\young\desktop\source\halcon_extension\halcon_ui\bin\halcon_ui.dll
c:\users\young\desktop\source\halcon_extension\halcon_ui\bin\halcon_ui.pdb
c:\users\young\desktop\source\halcon_extension\halcon_ui\bin\halcon_ui.lib
c:\users\young\desktop\source\halcon_extension\halcon_ui\bin\halcon_ui.exp
c:\users\young\desktop\source\halcon_extension\halcon_ui\build\halcon_ui.dir\debug\halcon_ui.ilk
c:\users\young\desktop\source\halcon_extension\halcon_ui\build\halcon_ui.dir\debug\halcon_ui.tlog\cl.command.1.tlog
c:\users\young\desktop\source\halcon_extension\halcon_ui\build\halcon_ui.dir\debug\halcon_ui.tlog\cl.items.tlog
c:\users\young\desktop\source\halcon_extension\halcon_ui\build\halcon_ui.dir\debug\halcon_ui.tlog\cl.read.1.tlog
c:\users\young\desktop\source\halcon_extension\halcon_ui\build\halcon_ui.dir\debug\halcon_ui.tlog\cl.write.1.tlog
c:\users\young\desktop\source\halcon_extension\halcon_ui\build\halcon_ui.dir\debug\halcon_ui.tlog\custombuild.command.1.tlog
c:\users\young\desktop\source\halcon_extension\halcon_ui\build\halcon_ui.dir\debug\halcon_ui.tlog\custombuild.read.1.tlog
c:\users\young\desktop\source\halcon_extension\halcon_ui\build\halcon_ui.dir\debug\halcon_ui.tlog\custombuild.write.1.tlog
c:\users\young\desktop\source\halcon_extension\halcon_ui\build\halcon_ui.dir\debug\halcon_ui.tlog\link.command.1.tlog
c:\users\young\desktop\source\halcon_extension\halcon_ui\build\halcon_ui.dir\debug\halcon_ui.tlog\link.read.1.tlog
c:\users\young\desktop\source\halcon_extension\halcon_ui\build\halcon_ui.dir\debug\halcon_ui.tlog\link.secondary.1.tlog
c:\users\young\desktop\source\halcon_extension\halcon_ui\build\halcon_ui.dir\debug\halcon_ui.tlog\link.write.1.tlog
