c:\users\young\desktop\source\halcon_extension\halcon_ui\build\halcon_uicppint.dir\debug\vc143.pdb
c:\users\young\desktop\source\halcon_extension\halcon_ui\build\halcon_uicppint.dir\debug\hcpphalcon_ui.obj
c:\users\young\desktop\source\halcon_extension\halcon_ui\build\hcpphalcon_ui.cpp
c:\users\young\desktop\source\halcon_extension\halcon_ui\build\hcpphalcon_ui.h
c:\users\young\desktop\source\halcon_extension\halcon_ui\build\cmakefiles\generate.stamp
c:\users\young\desktop\source\halcon_extension\halcon_ui\bin\halcon_uicpp.dll
c:\users\young\desktop\source\halcon_extension\halcon_ui\bin\halcon_uicpp.pdb
c:\users\young\desktop\source\halcon_extension\halcon_ui\bin\halcon_uicpp.lib
c:\users\young\desktop\source\halcon_extension\halcon_ui\bin\halcon_uicpp.exp
c:\users\young\desktop\source\halcon_extension\halcon_ui\build\halcon_uicppint.dir\debug\halcon_uicpp.ilk
c:\users\young\desktop\source\halcon_extension\halcon_ui\build\halcon_uicppint.dir\debug\halcon_uicppint.tlog\cl.command.1.tlog
c:\users\young\desktop\source\halcon_extension\halcon_ui\build\halcon_uicppint.dir\debug\halcon_uicppint.tlog\cl.items.tlog
c:\users\young\desktop\source\halcon_extension\halcon_ui\build\halcon_uicppint.dir\debug\halcon_uicppint.tlog\cl.read.1.tlog
c:\users\young\desktop\source\halcon_extension\halcon_ui\build\halcon_uicppint.dir\debug\halcon_uicppint.tlog\cl.write.1.tlog
c:\users\young\desktop\source\halcon_extension\halcon_ui\build\halcon_uicppint.dir\debug\halcon_uicppint.tlog\custombuild.command.1.tlog
c:\users\young\desktop\source\halcon_extension\halcon_ui\build\halcon_uicppint.dir\debug\halcon_uicppint.tlog\custombuild.read.1.tlog
c:\users\young\desktop\source\halcon_extension\halcon_ui\build\halcon_uicppint.dir\debug\halcon_uicppint.tlog\custombuild.write.1.tlog
c:\users\young\desktop\source\halcon_extension\halcon_ui\build\halcon_uicppint.dir\debug\halcon_uicppint.tlog\link.command.1.tlog
c:\users\young\desktop\source\halcon_extension\halcon_ui\build\halcon_uicppint.dir\debug\halcon_uicppint.tlog\link.read.1.tlog
c:\users\young\desktop\source\halcon_extension\halcon_ui\build\halcon_uicppint.dir\debug\halcon_uicppint.tlog\link.secondary.1.tlog
c:\users\young\desktop\source\halcon_extension\halcon_ui\build\halcon_uicppint.dir\debug\halcon_uicppint.tlog\link.write.1.tlog
